ARM GAS  C:\Users\79617\AppData\Local\Temp\ccTtM7jO.s 			page 1


   1              		.cpu cortex-m4
   2              		.eabi_attribute 27, 1
   3              		.eabi_attribute 28, 1
   4              		.eabi_attribute 20, 1
   5              		.eabi_attribute 21, 1
   6              		.eabi_attribute 23, 3
   7              		.eabi_attribute 24, 1
   8              		.eabi_attribute 25, 1
   9              		.eabi_attribute 26, 1
  10              		.eabi_attribute 30, 1
  11              		.eabi_attribute 34, 1
  12              		.eabi_attribute 18, 4
  13              		.file	"main.c"
  14              		.text
  15              	.Ltext0:
  16              		.cfi_sections	.debug_frame
  17              		.section	.text.MX_GPIO_Init,"ax",%progbits
  18              		.align	1
  19              		.arch armv7e-m
  20              		.syntax unified
  21              		.thumb
  22              		.thumb_func
  23              		.fpu fpv4-sp-d16
  25              	MX_GPIO_Init:
  26              	.LFB132:
  27              		.file 1 "Src/main.c"
   1:Src/main.c    **** /* USER CODE BEGIN Header */
   2:Src/main.c    **** /**
   3:Src/main.c    ****   ******************************************************************************
   4:Src/main.c    ****   * @file           : main.c
   5:Src/main.c    ****   * @brief          : Main program body
   6:Src/main.c    ****   ******************************************************************************
   7:Src/main.c    ****   * @attention
   8:Src/main.c    ****   *
   9:Src/main.c    ****   * <h2><center>&copy; Copyright (c) 2020 STMicroelectronics.
  10:Src/main.c    ****   * All rights reserved.</center></h2>
  11:Src/main.c    ****   *
  12:Src/main.c    ****   * This software component is licensed by ST under BSD 3-Clause license,
  13:Src/main.c    ****   * the "License"; You may not use this file except in compliance with the
  14:Src/main.c    ****   * License. You may obtain a copy of the License at:
  15:Src/main.c    ****   *                        opensource.org/licenses/BSD-3-Clause
  16:Src/main.c    ****   *
  17:Src/main.c    ****   ******************************************************************************
  18:Src/main.c    ****   */
  19:Src/main.c    **** /* USER CODE END Header */
  20:Src/main.c    **** 
  21:Src/main.c    **** /* Includes ------------------------------------------------------------------*/
  22:Src/main.c    **** #include "main.h"
  23:Src/main.c    **** 
  24:Src/main.c    **** /* Private includes ----------------------------------------------------------*/
  25:Src/main.c    **** /* USER CODE BEGIN Includes */
  26:Src/main.c    **** 
  27:Src/main.c    **** /* USER CODE END Includes */
  28:Src/main.c    **** 
  29:Src/main.c    **** /* Private typedef -----------------------------------------------------------*/
  30:Src/main.c    **** /* USER CODE BEGIN PTD */
  31:Src/main.c    **** 
ARM GAS  C:\Users\79617\AppData\Local\Temp\ccTtM7jO.s 			page 2


  32:Src/main.c    **** /* USER CODE END PTD */
  33:Src/main.c    **** 
  34:Src/main.c    **** /* Private define ------------------------------------------------------------*/
  35:Src/main.c    **** /* USER CODE BEGIN PD */
  36:Src/main.c    **** /* USER CODE END PD */
  37:Src/main.c    **** 
  38:Src/main.c    **** /* Private macro -------------------------------------------------------------*/
  39:Src/main.c    **** /* USER CODE BEGIN PM */
  40:Src/main.c    **** 
  41:Src/main.c    **** /* USER CODE END PM */
  42:Src/main.c    **** 
  43:Src/main.c    **** /* Private variables ---------------------------------------------------------*/
  44:Src/main.c    **** 
  45:Src/main.c    **** /* USER CODE BEGIN PV */
  46:Src/main.c    **** 
  47:Src/main.c    **** /* USER CODE END PV */
  48:Src/main.c    **** 
  49:Src/main.c    **** /* Private function prototypes -----------------------------------------------*/
  50:Src/main.c    **** void SystemClock_Config(void);
  51:Src/main.c    **** static void MX_GPIO_Init(void);
  52:Src/main.c    **** /* USER CODE BEGIN PFP */
  53:Src/main.c    **** 
  54:Src/main.c    **** /* USER CODE END PFP */
  55:Src/main.c    **** 
  56:Src/main.c    **** /* Private user code ---------------------------------------------------------*/
  57:Src/main.c    **** /* USER CODE BEGIN 0 */
  58:Src/main.c    **** 
  59:Src/main.c    **** /* USER CODE END 0 */
  60:Src/main.c    **** 
  61:Src/main.c    **** /**
  62:Src/main.c    ****   * @brief  The application entry point.
  63:Src/main.c    ****   * @retval int
  64:Src/main.c    ****   */
  65:Src/main.c    **** int main(void)
  66:Src/main.c    **** {
  67:Src/main.c    ****   /* USER CODE BEGIN 1 */
  68:Src/main.c    **** 
  69:Src/main.c    ****   /* USER CODE END 1 */
  70:Src/main.c    **** 
  71:Src/main.c    ****   /* MCU Configuration--------------------------------------------------------*/
  72:Src/main.c    **** 
  73:Src/main.c    ****   /* Reset of all peripherals, Initializes the Flash interface and the Systick. */
  74:Src/main.c    ****   HAL_Init();
  75:Src/main.c    **** 
  76:Src/main.c    ****   /* USER CODE BEGIN Init */
  77:Src/main.c    **** 
  78:Src/main.c    ****   /* USER CODE END Init */
  79:Src/main.c    **** 
  80:Src/main.c    ****   /* Configure the system clock */
  81:Src/main.c    ****   SystemClock_Config();
  82:Src/main.c    **** 
  83:Src/main.c    ****   /* USER CODE BEGIN SysInit */
  84:Src/main.c    **** 
  85:Src/main.c    ****   /* USER CODE END SysInit */
  86:Src/main.c    **** 
  87:Src/main.c    ****   /* Initialize all configured peripherals */
  88:Src/main.c    ****   MX_GPIO_Init();
ARM GAS  C:\Users\79617\AppData\Local\Temp\ccTtM7jO.s 			page 3


  89:Src/main.c    ****   /* USER CODE BEGIN 2 */
  90:Src/main.c    **** 
  91:Src/main.c    ****   /* USER CODE END 2 */
  92:Src/main.c    **** 
  93:Src/main.c    ****   /* Infinite loop */
  94:Src/main.c    ****   /* USER CODE BEGIN WHILE */
  95:Src/main.c    ****   while (1)
  96:Src/main.c    ****   {
  97:Src/main.c    ****     /* USER CODE END WHILE */
  98:Src/main.c    **** 
  99:Src/main.c    ****     /* USER CODE BEGIN 3 */
 100:Src/main.c    ****   }
 101:Src/main.c    ****   /* USER CODE END 3 */
 102:Src/main.c    **** }
 103:Src/main.c    **** 
 104:Src/main.c    **** /**
 105:Src/main.c    ****   * @brief System Clock Configuration
 106:Src/main.c    ****   * @retval None
 107:Src/main.c    ****   */
 108:Src/main.c    **** void SystemClock_Config(void)
 109:Src/main.c    **** {
 110:Src/main.c    ****   RCC_OscInitTypeDef RCC_OscInitStruct = {0};
 111:Src/main.c    ****   RCC_ClkInitTypeDef RCC_ClkInitStruct = {0};
 112:Src/main.c    **** 
 113:Src/main.c    ****   /** Configure the main internal regulator output voltage 
 114:Src/main.c    ****   */
 115:Src/main.c    ****   __HAL_RCC_PWR_CLK_ENABLE();
 116:Src/main.c    ****   __HAL_PWR_VOLTAGESCALING_CONFIG(PWR_REGULATOR_VOLTAGE_SCALE1);
 117:Src/main.c    ****   /** Initializes the CPU, AHB and APB busses clocks 
 118:Src/main.c    ****   */
 119:Src/main.c    ****   RCC_OscInitStruct.OscillatorType = RCC_OSCILLATORTYPE_HSI;
 120:Src/main.c    ****   RCC_OscInitStruct.HSIState = RCC_HSI_ON;
 121:Src/main.c    ****   RCC_OscInitStruct.HSICalibrationValue = RCC_HSICALIBRATION_DEFAULT;
 122:Src/main.c    ****   RCC_OscInitStruct.PLL.PLLState = RCC_PLL_ON;
 123:Src/main.c    ****   RCC_OscInitStruct.PLL.PLLSource = RCC_PLLSOURCE_HSI;
 124:Src/main.c    ****   RCC_OscInitStruct.PLL.PLLM = 8;
 125:Src/main.c    ****   RCC_OscInitStruct.PLL.PLLN = 50;
 126:Src/main.c    ****   RCC_OscInitStruct.PLL.PLLP = RCC_PLLP_DIV4;
 127:Src/main.c    ****   RCC_OscInitStruct.PLL.PLLQ = 7;
 128:Src/main.c    ****   if (HAL_RCC_OscConfig(&RCC_OscInitStruct) != HAL_OK)
 129:Src/main.c    ****   {
 130:Src/main.c    ****     Error_Handler();
 131:Src/main.c    ****   }
 132:Src/main.c    ****   /** Initializes the CPU, AHB and APB busses clocks 
 133:Src/main.c    ****   */
 134:Src/main.c    ****   RCC_ClkInitStruct.ClockType = RCC_CLOCKTYPE_HCLK|RCC_CLOCKTYPE_SYSCLK
 135:Src/main.c    ****                               |RCC_CLOCKTYPE_PCLK1|RCC_CLOCKTYPE_PCLK2;
 136:Src/main.c    ****   RCC_ClkInitStruct.SYSCLKSource = RCC_SYSCLKSOURCE_PLLCLK;
 137:Src/main.c    ****   RCC_ClkInitStruct.AHBCLKDivider = RCC_SYSCLK_DIV1;
 138:Src/main.c    ****   RCC_ClkInitStruct.APB1CLKDivider = RCC_HCLK_DIV4;
 139:Src/main.c    ****   RCC_ClkInitStruct.APB2CLKDivider = RCC_HCLK_DIV2;
 140:Src/main.c    **** 
 141:Src/main.c    ****   if (HAL_RCC_ClockConfig(&RCC_ClkInitStruct, FLASH_LATENCY_0) != HAL_OK)
 142:Src/main.c    ****   {
 143:Src/main.c    ****     Error_Handler();
 144:Src/main.c    ****   }
 145:Src/main.c    **** }
ARM GAS  C:\Users\79617\AppData\Local\Temp\ccTtM7jO.s 			page 4


 146:Src/main.c    **** 
 147:Src/main.c    **** /**
 148:Src/main.c    ****   * @brief GPIO Initialization Function
 149:Src/main.c    ****   * @param None
 150:Src/main.c    ****   * @retval None
 151:Src/main.c    ****   */
 152:Src/main.c    **** static void MX_GPIO_Init(void)
 153:Src/main.c    **** {
  28              		.loc 1 153 1 view -0
  29              		.cfi_startproc
  30              		@ args = 0, pretend = 0, frame = 48
  31              		@ frame_needed = 0, uses_anonymous_args = 0
  32 0000 2DE9F04F 		push	{r4, r5, r6, r7, r8, r9, r10, fp, lr}
  33              	.LCFI0:
  34              		.cfi_def_cfa_offset 36
  35              		.cfi_offset 4, -36
  36              		.cfi_offset 5, -32
  37              		.cfi_offset 6, -28
  38              		.cfi_offset 7, -24
  39              		.cfi_offset 8, -20
  40              		.cfi_offset 9, -16
  41              		.cfi_offset 10, -12
  42              		.cfi_offset 11, -8
  43              		.cfi_offset 14, -4
  44 0004 8DB0     		sub	sp, sp, #52
  45              	.LCFI1:
  46              		.cfi_def_cfa_offset 88
 154:Src/main.c    ****   GPIO_InitTypeDef GPIO_InitStruct = {0};
  47              		.loc 1 154 3 view .LVU1
  48              		.loc 1 154 20 is_stmt 0 view .LVU2
  49 0006 0024     		movs	r4, #0
  50 0008 0794     		str	r4, [sp, #28]
  51 000a 0894     		str	r4, [sp, #32]
  52 000c 0994     		str	r4, [sp, #36]
  53 000e 0A94     		str	r4, [sp, #40]
  54 0010 0B94     		str	r4, [sp, #44]
 155:Src/main.c    **** 
 156:Src/main.c    ****   /* GPIO Ports Clock Enable */
 157:Src/main.c    ****   __HAL_RCC_GPIOE_CLK_ENABLE();
  55              		.loc 1 157 3 is_stmt 1 view .LVU3
  56              	.LBB2:
  57              		.loc 1 157 3 view .LVU4
  58 0012 0194     		str	r4, [sp, #4]
  59              		.loc 1 157 3 view .LVU5
  60 0014 774B     		ldr	r3, .L3
  61 0016 1A6B     		ldr	r2, [r3, #48]
  62 0018 42F01002 		orr	r2, r2, #16
  63 001c 1A63     		str	r2, [r3, #48]
  64              		.loc 1 157 3 view .LVU6
  65 001e 1A6B     		ldr	r2, [r3, #48]
  66 0020 02F01002 		and	r2, r2, #16
  67 0024 0192     		str	r2, [sp, #4]
  68              		.loc 1 157 3 view .LVU7
  69 0026 019A     		ldr	r2, [sp, #4]
  70              	.LBE2:
  71              		.loc 1 157 3 view .LVU8
 158:Src/main.c    ****   __HAL_RCC_GPIOC_CLK_ENABLE();
ARM GAS  C:\Users\79617\AppData\Local\Temp\ccTtM7jO.s 			page 5


  72              		.loc 1 158 3 view .LVU9
  73              	.LBB3:
  74              		.loc 1 158 3 view .LVU10
  75 0028 0294     		str	r4, [sp, #8]
  76              		.loc 1 158 3 view .LVU11
  77 002a 1A6B     		ldr	r2, [r3, #48]
  78 002c 42F00402 		orr	r2, r2, #4
  79 0030 1A63     		str	r2, [r3, #48]
  80              		.loc 1 158 3 view .LVU12
  81 0032 1A6B     		ldr	r2, [r3, #48]
  82 0034 02F00402 		and	r2, r2, #4
  83 0038 0292     		str	r2, [sp, #8]
  84              		.loc 1 158 3 view .LVU13
  85 003a 029A     		ldr	r2, [sp, #8]
  86              	.LBE3:
  87              		.loc 1 158 3 view .LVU14
 159:Src/main.c    ****   __HAL_RCC_GPIOH_CLK_ENABLE();
  88              		.loc 1 159 3 view .LVU15
  89              	.LBB4:
  90              		.loc 1 159 3 view .LVU16
  91 003c 0394     		str	r4, [sp, #12]
  92              		.loc 1 159 3 view .LVU17
  93 003e 1A6B     		ldr	r2, [r3, #48]
  94 0040 42F08002 		orr	r2, r2, #128
  95 0044 1A63     		str	r2, [r3, #48]
  96              		.loc 1 159 3 view .LVU18
  97 0046 1A6B     		ldr	r2, [r3, #48]
  98 0048 02F08002 		and	r2, r2, #128
  99 004c 0392     		str	r2, [sp, #12]
 100              		.loc 1 159 3 view .LVU19
 101 004e 039A     		ldr	r2, [sp, #12]
 102              	.LBE4:
 103              		.loc 1 159 3 view .LVU20
 160:Src/main.c    ****   __HAL_RCC_GPIOA_CLK_ENABLE();
 104              		.loc 1 160 3 view .LVU21
 105              	.LBB5:
 106              		.loc 1 160 3 view .LVU22
 107 0050 0494     		str	r4, [sp, #16]
 108              		.loc 1 160 3 view .LVU23
 109 0052 1A6B     		ldr	r2, [r3, #48]
 110 0054 42F00102 		orr	r2, r2, #1
 111 0058 1A63     		str	r2, [r3, #48]
 112              		.loc 1 160 3 view .LVU24
 113 005a 1A6B     		ldr	r2, [r3, #48]
 114 005c 02F00102 		and	r2, r2, #1
 115 0060 0492     		str	r2, [sp, #16]
 116              		.loc 1 160 3 view .LVU25
 117 0062 049A     		ldr	r2, [sp, #16]
 118              	.LBE5:
 119              		.loc 1 160 3 view .LVU26
 161:Src/main.c    ****   __HAL_RCC_GPIOB_CLK_ENABLE();
 120              		.loc 1 161 3 view .LVU27
 121              	.LBB6:
 122              		.loc 1 161 3 view .LVU28
 123 0064 0594     		str	r4, [sp, #20]
 124              		.loc 1 161 3 view .LVU29
 125 0066 1A6B     		ldr	r2, [r3, #48]
ARM GAS  C:\Users\79617\AppData\Local\Temp\ccTtM7jO.s 			page 6


 126 0068 42F00202 		orr	r2, r2, #2
 127 006c 1A63     		str	r2, [r3, #48]
 128              		.loc 1 161 3 view .LVU30
 129 006e 1A6B     		ldr	r2, [r3, #48]
 130 0070 02F00202 		and	r2, r2, #2
 131 0074 0592     		str	r2, [sp, #20]
 132              		.loc 1 161 3 view .LVU31
 133 0076 059A     		ldr	r2, [sp, #20]
 134              	.LBE6:
 135              		.loc 1 161 3 view .LVU32
 162:Src/main.c    ****   __HAL_RCC_GPIOD_CLK_ENABLE();
 136              		.loc 1 162 3 view .LVU33
 137              	.LBB7:
 138              		.loc 1 162 3 view .LVU34
 139 0078 0694     		str	r4, [sp, #24]
 140              		.loc 1 162 3 view .LVU35
 141 007a 1A6B     		ldr	r2, [r3, #48]
 142 007c 42F00802 		orr	r2, r2, #8
 143 0080 1A63     		str	r2, [r3, #48]
 144              		.loc 1 162 3 view .LVU36
 145 0082 1B6B     		ldr	r3, [r3, #48]
 146 0084 03F00803 		and	r3, r3, #8
 147 0088 0693     		str	r3, [sp, #24]
 148              		.loc 1 162 3 view .LVU37
 149 008a 069B     		ldr	r3, [sp, #24]
 150              	.LBE7:
 151              		.loc 1 162 3 view .LVU38
 163:Src/main.c    **** 
 164:Src/main.c    ****   /*Configure GPIO pin Output Level */
 165:Src/main.c    ****   HAL_GPIO_WritePin(CS_I2C_SPI_GPIO_Port, CS_I2C_SPI_Pin, GPIO_PIN_RESET);
 152              		.loc 1 165 3 view .LVU39
 153 008c 2246     		mov	r2, r4
 154 008e 0821     		movs	r1, #8
 155 0090 5948     		ldr	r0, .L3+4
 156 0092 FFF7FEFF 		bl	HAL_GPIO_WritePin
 157              	.LVL0:
 166:Src/main.c    **** 
 167:Src/main.c    ****   /*Configure GPIO pin Output Level */
 168:Src/main.c    ****   HAL_GPIO_WritePin(OTG_FS_PowerSwitchOn_GPIO_Port, OTG_FS_PowerSwitchOn_Pin, GPIO_PIN_SET);
 158              		.loc 1 168 3 view .LVU40
 159 0096 DFF87081 		ldr	r8, .L3+20
 160 009a 0122     		movs	r2, #1
 161 009c 1146     		mov	r1, r2
 162 009e 4046     		mov	r0, r8
 163 00a0 FFF7FEFF 		bl	HAL_GPIO_WritePin
 164              	.LVL1:
 169:Src/main.c    **** 
 170:Src/main.c    ****   /*Configure GPIO pin Output Level */
 171:Src/main.c    ****   HAL_GPIO_WritePin(GPIOD, LD4_Pin|LD3_Pin|LD5_Pin|LD6_Pin 
 165              		.loc 1 171 3 view .LVU41
 166 00a4 DFF864B1 		ldr	fp, .L3+24
 167 00a8 2246     		mov	r2, r4
 168 00aa 4FF21001 		movw	r1, #61456
 169 00ae 5846     		mov	r0, fp
 170 00b0 FFF7FEFF 		bl	HAL_GPIO_WritePin
 171              	.LVL2:
 172:Src/main.c    ****                           |Audio_RST_Pin, GPIO_PIN_RESET);
ARM GAS  C:\Users\79617\AppData\Local\Temp\ccTtM7jO.s 			page 7


 173:Src/main.c    **** 
 174:Src/main.c    ****   /*Configure GPIO pin : CS_I2C_SPI_Pin */
 175:Src/main.c    ****   GPIO_InitStruct.Pin = CS_I2C_SPI_Pin;
 172              		.loc 1 175 3 view .LVU42
 173              		.loc 1 175 23 is_stmt 0 view .LVU43
 174 00b4 0825     		movs	r5, #8
 175 00b6 0795     		str	r5, [sp, #28]
 176:Src/main.c    ****   GPIO_InitStruct.Mode = GPIO_MODE_OUTPUT_PP;
 176              		.loc 1 176 3 is_stmt 1 view .LVU44
 177              		.loc 1 176 24 is_stmt 0 view .LVU45
 178 00b8 0126     		movs	r6, #1
 179 00ba 0896     		str	r6, [sp, #32]
 177:Src/main.c    ****   GPIO_InitStruct.Pull = GPIO_NOPULL;
 180              		.loc 1 177 3 is_stmt 1 view .LVU46
 181              		.loc 1 177 24 is_stmt 0 view .LVU47
 182 00bc 0994     		str	r4, [sp, #36]
 178:Src/main.c    ****   GPIO_InitStruct.Speed = GPIO_SPEED_FREQ_LOW;
 183              		.loc 1 178 3 is_stmt 1 view .LVU48
 184              		.loc 1 178 25 is_stmt 0 view .LVU49
 185 00be 0A94     		str	r4, [sp, #40]
 179:Src/main.c    ****   HAL_GPIO_Init(CS_I2C_SPI_GPIO_Port, &GPIO_InitStruct);
 186              		.loc 1 179 3 is_stmt 1 view .LVU50
 187 00c0 07A9     		add	r1, sp, #28
 188 00c2 4D48     		ldr	r0, .L3+4
 189 00c4 FFF7FEFF 		bl	HAL_GPIO_Init
 190              	.LVL3:
 180:Src/main.c    **** 
 181:Src/main.c    ****   /*Configure GPIO pin : OTG_FS_PowerSwitchOn_Pin */
 182:Src/main.c    ****   GPIO_InitStruct.Pin = OTG_FS_PowerSwitchOn_Pin;
 191              		.loc 1 182 3 view .LVU51
 192              		.loc 1 182 23 is_stmt 0 view .LVU52
 193 00c8 0796     		str	r6, [sp, #28]
 183:Src/main.c    ****   GPIO_InitStruct.Mode = GPIO_MODE_OUTPUT_PP;
 194              		.loc 1 183 3 is_stmt 1 view .LVU53
 195              		.loc 1 183 24 is_stmt 0 view .LVU54
 196 00ca 0896     		str	r6, [sp, #32]
 184:Src/main.c    ****   GPIO_InitStruct.Pull = GPIO_NOPULL;
 197              		.loc 1 184 3 is_stmt 1 view .LVU55
 198              		.loc 1 184 24 is_stmt 0 view .LVU56
 199 00cc 0994     		str	r4, [sp, #36]
 185:Src/main.c    ****   GPIO_InitStruct.Speed = GPIO_SPEED_FREQ_LOW;
 200              		.loc 1 185 3 is_stmt 1 view .LVU57
 201              		.loc 1 185 25 is_stmt 0 view .LVU58
 202 00ce 0A94     		str	r4, [sp, #40]
 186:Src/main.c    ****   HAL_GPIO_Init(OTG_FS_PowerSwitchOn_GPIO_Port, &GPIO_InitStruct);
 203              		.loc 1 186 3 is_stmt 1 view .LVU59
 204 00d0 07A9     		add	r1, sp, #28
 205 00d2 4046     		mov	r0, r8
 206 00d4 FFF7FEFF 		bl	HAL_GPIO_Init
 207              	.LVL4:
 187:Src/main.c    **** 
 188:Src/main.c    ****   /*Configure GPIO pin : PDM_OUT_Pin */
 189:Src/main.c    ****   GPIO_InitStruct.Pin = PDM_OUT_Pin;
 208              		.loc 1 189 3 view .LVU60
 209              		.loc 1 189 23 is_stmt 0 view .LVU61
 210 00d8 0795     		str	r5, [sp, #28]
 190:Src/main.c    ****   GPIO_InitStruct.Mode = GPIO_MODE_AF_PP;
ARM GAS  C:\Users\79617\AppData\Local\Temp\ccTtM7jO.s 			page 8


 211              		.loc 1 190 3 is_stmt 1 view .LVU62
 212              		.loc 1 190 24 is_stmt 0 view .LVU63
 213 00da 0225     		movs	r5, #2
 214 00dc 0895     		str	r5, [sp, #32]
 191:Src/main.c    ****   GPIO_InitStruct.Pull = GPIO_NOPULL;
 215              		.loc 1 191 3 is_stmt 1 view .LVU64
 216              		.loc 1 191 24 is_stmt 0 view .LVU65
 217 00de 0994     		str	r4, [sp, #36]
 192:Src/main.c    ****   GPIO_InitStruct.Speed = GPIO_SPEED_FREQ_LOW;
 218              		.loc 1 192 3 is_stmt 1 view .LVU66
 219              		.loc 1 192 25 is_stmt 0 view .LVU67
 220 00e0 0A94     		str	r4, [sp, #40]
 193:Src/main.c    ****   GPIO_InitStruct.Alternate = GPIO_AF5_SPI2;
 221              		.loc 1 193 3 is_stmt 1 view .LVU68
 222              		.loc 1 193 29 is_stmt 0 view .LVU69
 223 00e2 4FF00509 		mov	r9, #5
 224 00e6 CDF82C90 		str	r9, [sp, #44]
 194:Src/main.c    ****   HAL_GPIO_Init(PDM_OUT_GPIO_Port, &GPIO_InitStruct);
 225              		.loc 1 194 3 is_stmt 1 view .LVU70
 226 00ea 07A9     		add	r1, sp, #28
 227 00ec 4046     		mov	r0, r8
 228 00ee FFF7FEFF 		bl	HAL_GPIO_Init
 229              	.LVL5:
 195:Src/main.c    **** 
 196:Src/main.c    ****   /*Configure GPIO pin : B1_Pin */
 197:Src/main.c    ****   GPIO_InitStruct.Pin = B1_Pin;
 230              		.loc 1 197 3 view .LVU71
 231              		.loc 1 197 23 is_stmt 0 view .LVU72
 232 00f2 0796     		str	r6, [sp, #28]
 198:Src/main.c    ****   GPIO_InitStruct.Mode = GPIO_MODE_IT_RISING;
 233              		.loc 1 198 3 is_stmt 1 view .LVU73
 234              		.loc 1 198 24 is_stmt 0 view .LVU74
 235 00f4 414B     		ldr	r3, .L3+8
 236 00f6 0893     		str	r3, [sp, #32]
 199:Src/main.c    ****   GPIO_InitStruct.Pull = GPIO_NOPULL;
 237              		.loc 1 199 3 is_stmt 1 view .LVU75
 238              		.loc 1 199 24 is_stmt 0 view .LVU76
 239 00f8 0994     		str	r4, [sp, #36]
 200:Src/main.c    ****   HAL_GPIO_Init(B1_GPIO_Port, &GPIO_InitStruct);
 240              		.loc 1 200 3 is_stmt 1 view .LVU77
 241 00fa 414F     		ldr	r7, .L3+12
 242 00fc 07A9     		add	r1, sp, #28
 243 00fe 3846     		mov	r0, r7
 244 0100 FFF7FEFF 		bl	HAL_GPIO_Init
 245              	.LVL6:
 201:Src/main.c    **** 
 202:Src/main.c    ****   /*Configure GPIO pin : I2S3_WS_Pin */
 203:Src/main.c    ****   GPIO_InitStruct.Pin = I2S3_WS_Pin;
 246              		.loc 1 203 3 view .LVU78
 247              		.loc 1 203 23 is_stmt 0 view .LVU79
 248 0104 1023     		movs	r3, #16
 249 0106 0793     		str	r3, [sp, #28]
 204:Src/main.c    ****   GPIO_InitStruct.Mode = GPIO_MODE_AF_PP;
 250              		.loc 1 204 3 is_stmt 1 view .LVU80
 251              		.loc 1 204 24 is_stmt 0 view .LVU81
 252 0108 0895     		str	r5, [sp, #32]
 205:Src/main.c    ****   GPIO_InitStruct.Pull = GPIO_NOPULL;
ARM GAS  C:\Users\79617\AppData\Local\Temp\ccTtM7jO.s 			page 9


 253              		.loc 1 205 3 is_stmt 1 view .LVU82
 254              		.loc 1 205 24 is_stmt 0 view .LVU83
 255 010a 0994     		str	r4, [sp, #36]
 206:Src/main.c    ****   GPIO_InitStruct.Speed = GPIO_SPEED_FREQ_LOW;
 256              		.loc 1 206 3 is_stmt 1 view .LVU84
 257              		.loc 1 206 25 is_stmt 0 view .LVU85
 258 010c 0A94     		str	r4, [sp, #40]
 207:Src/main.c    ****   GPIO_InitStruct.Alternate = GPIO_AF6_SPI3;
 259              		.loc 1 207 3 is_stmt 1 view .LVU86
 260              		.loc 1 207 29 is_stmt 0 view .LVU87
 261 010e 0623     		movs	r3, #6
 262 0110 0B93     		str	r3, [sp, #44]
 208:Src/main.c    ****   HAL_GPIO_Init(I2S3_WS_GPIO_Port, &GPIO_InitStruct);
 263              		.loc 1 208 3 is_stmt 1 view .LVU88
 264 0112 07A9     		add	r1, sp, #28
 265 0114 3846     		mov	r0, r7
 266 0116 FFF7FEFF 		bl	HAL_GPIO_Init
 267              	.LVL7:
 209:Src/main.c    **** 
 210:Src/main.c    ****   /*Configure GPIO pins : SPI1_SCK_Pin SPI1_MISO_Pin SPI1_MOSI_Pin */
 211:Src/main.c    ****   GPIO_InitStruct.Pin = SPI1_SCK_Pin|SPI1_MISO_Pin|SPI1_MOSI_Pin;
 268              		.loc 1 211 3 view .LVU89
 269              		.loc 1 211 23 is_stmt 0 view .LVU90
 270 011a E023     		movs	r3, #224
 271 011c 0793     		str	r3, [sp, #28]
 212:Src/main.c    ****   GPIO_InitStruct.Mode = GPIO_MODE_AF_PP;
 272              		.loc 1 212 3 is_stmt 1 view .LVU91
 273              		.loc 1 212 24 is_stmt 0 view .LVU92
 274 011e 0895     		str	r5, [sp, #32]
 213:Src/main.c    ****   GPIO_InitStruct.Pull = GPIO_NOPULL;
 275              		.loc 1 213 3 is_stmt 1 view .LVU93
 276              		.loc 1 213 24 is_stmt 0 view .LVU94
 277 0120 0994     		str	r4, [sp, #36]
 214:Src/main.c    ****   GPIO_InitStruct.Speed = GPIO_SPEED_FREQ_LOW;
 278              		.loc 1 214 3 is_stmt 1 view .LVU95
 279              		.loc 1 214 25 is_stmt 0 view .LVU96
 280 0122 0A94     		str	r4, [sp, #40]
 215:Src/main.c    ****   GPIO_InitStruct.Alternate = GPIO_AF5_SPI1;
 281              		.loc 1 215 3 is_stmt 1 view .LVU97
 282              		.loc 1 215 29 is_stmt 0 view .LVU98
 283 0124 CDF82C90 		str	r9, [sp, #44]
 216:Src/main.c    ****   HAL_GPIO_Init(GPIOA, &GPIO_InitStruct);
 284              		.loc 1 216 3 is_stmt 1 view .LVU99
 285 0128 07A9     		add	r1, sp, #28
 286 012a 3846     		mov	r0, r7
 287 012c FFF7FEFF 		bl	HAL_GPIO_Init
 288              	.LVL8:
 217:Src/main.c    **** 
 218:Src/main.c    ****   /*Configure GPIO pin : BOOT1_Pin */
 219:Src/main.c    ****   GPIO_InitStruct.Pin = BOOT1_Pin;
 289              		.loc 1 219 3 view .LVU100
 290              		.loc 1 219 23 is_stmt 0 view .LVU101
 291 0130 0423     		movs	r3, #4
 292 0132 0793     		str	r3, [sp, #28]
 220:Src/main.c    ****   GPIO_InitStruct.Mode = GPIO_MODE_INPUT;
 293              		.loc 1 220 3 is_stmt 1 view .LVU102
 294              		.loc 1 220 24 is_stmt 0 view .LVU103
ARM GAS  C:\Users\79617\AppData\Local\Temp\ccTtM7jO.s 			page 10


 295 0134 0894     		str	r4, [sp, #32]
 221:Src/main.c    ****   GPIO_InitStruct.Pull = GPIO_NOPULL;
 296              		.loc 1 221 3 is_stmt 1 view .LVU104
 297              		.loc 1 221 24 is_stmt 0 view .LVU105
 298 0136 0994     		str	r4, [sp, #36]
 222:Src/main.c    ****   HAL_GPIO_Init(BOOT1_GPIO_Port, &GPIO_InitStruct);
 299              		.loc 1 222 3 is_stmt 1 view .LVU106
 300 0138 DFF8D4A0 		ldr	r10, .L3+28
 301 013c 07A9     		add	r1, sp, #28
 302 013e 5046     		mov	r0, r10
 303 0140 FFF7FEFF 		bl	HAL_GPIO_Init
 304              	.LVL9:
 223:Src/main.c    **** 
 224:Src/main.c    ****   /*Configure GPIO pin : CLK_IN_Pin */
 225:Src/main.c    ****   GPIO_InitStruct.Pin = CLK_IN_Pin;
 305              		.loc 1 225 3 view .LVU107
 306              		.loc 1 225 23 is_stmt 0 view .LVU108
 307 0144 4FF48063 		mov	r3, #1024
 308 0148 0793     		str	r3, [sp, #28]
 226:Src/main.c    ****   GPIO_InitStruct.Mode = GPIO_MODE_AF_PP;
 309              		.loc 1 226 3 is_stmt 1 view .LVU109
 310              		.loc 1 226 24 is_stmt 0 view .LVU110
 311 014a 0895     		str	r5, [sp, #32]
 227:Src/main.c    ****   GPIO_InitStruct.Pull = GPIO_NOPULL;
 312              		.loc 1 227 3 is_stmt 1 view .LVU111
 313              		.loc 1 227 24 is_stmt 0 view .LVU112
 314 014c 0994     		str	r4, [sp, #36]
 228:Src/main.c    ****   GPIO_InitStruct.Speed = GPIO_SPEED_FREQ_LOW;
 315              		.loc 1 228 3 is_stmt 1 view .LVU113
 316              		.loc 1 228 25 is_stmt 0 view .LVU114
 317 014e 0A94     		str	r4, [sp, #40]
 229:Src/main.c    ****   GPIO_InitStruct.Alternate = GPIO_AF5_SPI2;
 318              		.loc 1 229 3 is_stmt 1 view .LVU115
 319              		.loc 1 229 29 is_stmt 0 view .LVU116
 320 0150 CDF82C90 		str	r9, [sp, #44]
 230:Src/main.c    ****   HAL_GPIO_Init(CLK_IN_GPIO_Port, &GPIO_InitStruct);
 321              		.loc 1 230 3 is_stmt 1 view .LVU117
 322 0154 07A9     		add	r1, sp, #28
 323 0156 5046     		mov	r0, r10
 324 0158 FFF7FEFF 		bl	HAL_GPIO_Init
 325              	.LVL10:
 231:Src/main.c    **** 
 232:Src/main.c    ****   /*Configure GPIO pins : LD4_Pin LD3_Pin LD5_Pin LD6_Pin 
 233:Src/main.c    ****                            Audio_RST_Pin */
 234:Src/main.c    ****   GPIO_InitStruct.Pin = LD4_Pin|LD3_Pin|LD5_Pin|LD6_Pin 
 326              		.loc 1 234 3 view .LVU118
 327              		.loc 1 234 23 is_stmt 0 view .LVU119
 328 015c 4FF21003 		movw	r3, #61456
 329 0160 0793     		str	r3, [sp, #28]
 235:Src/main.c    ****                           |Audio_RST_Pin;
 236:Src/main.c    ****   GPIO_InitStruct.Mode = GPIO_MODE_OUTPUT_PP;
 330              		.loc 1 236 3 is_stmt 1 view .LVU120
 331              		.loc 1 236 24 is_stmt 0 view .LVU121
 332 0162 0896     		str	r6, [sp, #32]
 237:Src/main.c    ****   GPIO_InitStruct.Pull = GPIO_NOPULL;
 333              		.loc 1 237 3 is_stmt 1 view .LVU122
 334              		.loc 1 237 24 is_stmt 0 view .LVU123
ARM GAS  C:\Users\79617\AppData\Local\Temp\ccTtM7jO.s 			page 11


 335 0164 0994     		str	r4, [sp, #36]
 238:Src/main.c    ****   GPIO_InitStruct.Speed = GPIO_SPEED_FREQ_LOW;
 336              		.loc 1 238 3 is_stmt 1 view .LVU124
 337              		.loc 1 238 25 is_stmt 0 view .LVU125
 338 0166 0A94     		str	r4, [sp, #40]
 239:Src/main.c    ****   HAL_GPIO_Init(GPIOD, &GPIO_InitStruct);
 339              		.loc 1 239 3 is_stmt 1 view .LVU126
 340 0168 07A9     		add	r1, sp, #28
 341 016a 5846     		mov	r0, fp
 342 016c FFF7FEFF 		bl	HAL_GPIO_Init
 343              	.LVL11:
 240:Src/main.c    **** 
 241:Src/main.c    ****   /*Configure GPIO pins : I2S3_MCK_Pin I2S3_SCK_Pin I2S3_SD_Pin */
 242:Src/main.c    ****   GPIO_InitStruct.Pin = I2S3_MCK_Pin|I2S3_SCK_Pin|I2S3_SD_Pin;
 344              		.loc 1 242 3 view .LVU127
 345              		.loc 1 242 23 is_stmt 0 view .LVU128
 346 0170 4FF4A453 		mov	r3, #5248
 347 0174 0793     		str	r3, [sp, #28]
 243:Src/main.c    ****   GPIO_InitStruct.Mode = GPIO_MODE_AF_PP;
 348              		.loc 1 243 3 is_stmt 1 view .LVU129
 349              		.loc 1 243 24 is_stmt 0 view .LVU130
 350 0176 0895     		str	r5, [sp, #32]
 244:Src/main.c    ****   GPIO_InitStruct.Pull = GPIO_NOPULL;
 351              		.loc 1 244 3 is_stmt 1 view .LVU131
 352              		.loc 1 244 24 is_stmt 0 view .LVU132
 353 0178 0994     		str	r4, [sp, #36]
 245:Src/main.c    ****   GPIO_InitStruct.Speed = GPIO_SPEED_FREQ_LOW;
 354              		.loc 1 245 3 is_stmt 1 view .LVU133
 355              		.loc 1 245 25 is_stmt 0 view .LVU134
 356 017a 0A94     		str	r4, [sp, #40]
 246:Src/main.c    ****   GPIO_InitStruct.Alternate = GPIO_AF6_SPI3;
 357              		.loc 1 246 3 is_stmt 1 view .LVU135
 358              		.loc 1 246 29 is_stmt 0 view .LVU136
 359 017c 0623     		movs	r3, #6
 360 017e 0B93     		str	r3, [sp, #44]
 247:Src/main.c    ****   HAL_GPIO_Init(GPIOC, &GPIO_InitStruct);
 361              		.loc 1 247 3 is_stmt 1 view .LVU137
 362 0180 07A9     		add	r1, sp, #28
 363 0182 4046     		mov	r0, r8
 364 0184 FFF7FEFF 		bl	HAL_GPIO_Init
 365              	.LVL12:
 248:Src/main.c    **** 
 249:Src/main.c    ****   /*Configure GPIO pin : VBUS_FS_Pin */
 250:Src/main.c    ****   GPIO_InitStruct.Pin = VBUS_FS_Pin;
 366              		.loc 1 250 3 view .LVU138
 367              		.loc 1 250 23 is_stmt 0 view .LVU139
 368 0188 4FF40073 		mov	r3, #512
 369 018c 0793     		str	r3, [sp, #28]
 251:Src/main.c    ****   GPIO_InitStruct.Mode = GPIO_MODE_INPUT;
 370              		.loc 1 251 3 is_stmt 1 view .LVU140
 371              		.loc 1 251 24 is_stmt 0 view .LVU141
 372 018e 0894     		str	r4, [sp, #32]
 252:Src/main.c    ****   GPIO_InitStruct.Pull = GPIO_NOPULL;
 373              		.loc 1 252 3 is_stmt 1 view .LVU142
 374              		.loc 1 252 24 is_stmt 0 view .LVU143
 375 0190 0994     		str	r4, [sp, #36]
 253:Src/main.c    ****   HAL_GPIO_Init(VBUS_FS_GPIO_Port, &GPIO_InitStruct);
ARM GAS  C:\Users\79617\AppData\Local\Temp\ccTtM7jO.s 			page 12


 376              		.loc 1 253 3 is_stmt 1 view .LVU144
 377 0192 07A9     		add	r1, sp, #28
 378 0194 3846     		mov	r0, r7
 379 0196 FFF7FEFF 		bl	HAL_GPIO_Init
 380              	.LVL13:
 254:Src/main.c    **** 
 255:Src/main.c    ****   /*Configure GPIO pins : OTG_FS_ID_Pin OTG_FS_DM_Pin OTG_FS_DP_Pin */
 256:Src/main.c    ****   GPIO_InitStruct.Pin = OTG_FS_ID_Pin|OTG_FS_DM_Pin|OTG_FS_DP_Pin;
 381              		.loc 1 256 3 view .LVU145
 382              		.loc 1 256 23 is_stmt 0 view .LVU146
 383 019a 4FF4E053 		mov	r3, #7168
 384 019e 0793     		str	r3, [sp, #28]
 257:Src/main.c    ****   GPIO_InitStruct.Mode = GPIO_MODE_AF_PP;
 385              		.loc 1 257 3 is_stmt 1 view .LVU147
 386              		.loc 1 257 24 is_stmt 0 view .LVU148
 387 01a0 0895     		str	r5, [sp, #32]
 258:Src/main.c    ****   GPIO_InitStruct.Pull = GPIO_NOPULL;
 388              		.loc 1 258 3 is_stmt 1 view .LVU149
 389              		.loc 1 258 24 is_stmt 0 view .LVU150
 390 01a2 0994     		str	r4, [sp, #36]
 259:Src/main.c    ****   GPIO_InitStruct.Speed = GPIO_SPEED_FREQ_LOW;
 391              		.loc 1 259 3 is_stmt 1 view .LVU151
 392              		.loc 1 259 25 is_stmt 0 view .LVU152
 393 01a4 0A94     		str	r4, [sp, #40]
 260:Src/main.c    ****   GPIO_InitStruct.Alternate = GPIO_AF10_OTG_FS;
 394              		.loc 1 260 3 is_stmt 1 view .LVU153
 395              		.loc 1 260 29 is_stmt 0 view .LVU154
 396 01a6 0A23     		movs	r3, #10
 397 01a8 0B93     		str	r3, [sp, #44]
 261:Src/main.c    ****   HAL_GPIO_Init(GPIOA, &GPIO_InitStruct);
 398              		.loc 1 261 3 is_stmt 1 view .LVU155
 399 01aa 07A9     		add	r1, sp, #28
 400 01ac 3846     		mov	r0, r7
 401 01ae FFF7FEFF 		bl	HAL_GPIO_Init
 402              	.LVL14:
 262:Src/main.c    **** 
 263:Src/main.c    ****   /*Configure GPIO pin : OTG_FS_OverCurrent_Pin */
 264:Src/main.c    ****   GPIO_InitStruct.Pin = OTG_FS_OverCurrent_Pin;
 403              		.loc 1 264 3 view .LVU156
 404              		.loc 1 264 23 is_stmt 0 view .LVU157
 405 01b2 2023     		movs	r3, #32
 406 01b4 0793     		str	r3, [sp, #28]
 265:Src/main.c    ****   GPIO_InitStruct.Mode = GPIO_MODE_INPUT;
 407              		.loc 1 265 3 is_stmt 1 view .LVU158
 408              		.loc 1 265 24 is_stmt 0 view .LVU159
 409 01b6 0894     		str	r4, [sp, #32]
 266:Src/main.c    ****   GPIO_InitStruct.Pull = GPIO_NOPULL;
 410              		.loc 1 266 3 is_stmt 1 view .LVU160
 411              		.loc 1 266 24 is_stmt 0 view .LVU161
 412 01b8 0994     		str	r4, [sp, #36]
 267:Src/main.c    ****   HAL_GPIO_Init(OTG_FS_OverCurrent_GPIO_Port, &GPIO_InitStruct);
 413              		.loc 1 267 3 is_stmt 1 view .LVU162
 414 01ba 07A9     		add	r1, sp, #28
 415 01bc 5846     		mov	r0, fp
 416 01be FFF7FEFF 		bl	HAL_GPIO_Init
 417              	.LVL15:
 268:Src/main.c    **** 
ARM GAS  C:\Users\79617\AppData\Local\Temp\ccTtM7jO.s 			page 13


 269:Src/main.c    ****   /*Configure GPIO pins : Audio_SCL_Pin Audio_SDA_Pin */
 270:Src/main.c    ****   GPIO_InitStruct.Pin = Audio_SCL_Pin|Audio_SDA_Pin;
 418              		.loc 1 270 3 view .LVU163
 419              		.loc 1 270 23 is_stmt 0 view .LVU164
 420 01c2 4FF41073 		mov	r3, #576
 421 01c6 0793     		str	r3, [sp, #28]
 271:Src/main.c    ****   GPIO_InitStruct.Mode = GPIO_MODE_AF_OD;
 422              		.loc 1 271 3 is_stmt 1 view .LVU165
 423              		.loc 1 271 24 is_stmt 0 view .LVU166
 424 01c8 1223     		movs	r3, #18
 425 01ca 0893     		str	r3, [sp, #32]
 272:Src/main.c    ****   GPIO_InitStruct.Pull = GPIO_PULLUP;
 426              		.loc 1 272 3 is_stmt 1 view .LVU167
 427              		.loc 1 272 24 is_stmt 0 view .LVU168
 428 01cc 0996     		str	r6, [sp, #36]
 273:Src/main.c    ****   GPIO_InitStruct.Speed = GPIO_SPEED_FREQ_LOW;
 429              		.loc 1 273 3 is_stmt 1 view .LVU169
 430              		.loc 1 273 25 is_stmt 0 view .LVU170
 431 01ce 0A94     		str	r4, [sp, #40]
 274:Src/main.c    ****   GPIO_InitStruct.Alternate = GPIO_AF4_I2C1;
 432              		.loc 1 274 3 is_stmt 1 view .LVU171
 433              		.loc 1 274 29 is_stmt 0 view .LVU172
 434 01d0 0423     		movs	r3, #4
 435 01d2 0B93     		str	r3, [sp, #44]
 275:Src/main.c    ****   HAL_GPIO_Init(GPIOB, &GPIO_InitStruct);
 436              		.loc 1 275 3 is_stmt 1 view .LVU173
 437 01d4 07A9     		add	r1, sp, #28
 438 01d6 5046     		mov	r0, r10
 439 01d8 FFF7FEFF 		bl	HAL_GPIO_Init
 440              	.LVL16:
 276:Src/main.c    **** 
 277:Src/main.c    ****   /*Configure GPIO pin : MEMS_INT2_Pin */
 278:Src/main.c    ****   GPIO_InitStruct.Pin = MEMS_INT2_Pin;
 441              		.loc 1 278 3 view .LVU174
 442              		.loc 1 278 23 is_stmt 0 view .LVU175
 443 01dc 0795     		str	r5, [sp, #28]
 279:Src/main.c    ****   GPIO_InitStruct.Mode = GPIO_MODE_EVT_RISING;
 444              		.loc 1 279 3 is_stmt 1 view .LVU176
 445              		.loc 1 279 24 is_stmt 0 view .LVU177
 446 01de 094B     		ldr	r3, .L3+16
 447 01e0 0893     		str	r3, [sp, #32]
 280:Src/main.c    ****   GPIO_InitStruct.Pull = GPIO_NOPULL;
 448              		.loc 1 280 3 is_stmt 1 view .LVU178
 449              		.loc 1 280 24 is_stmt 0 view .LVU179
 450 01e2 0994     		str	r4, [sp, #36]
 281:Src/main.c    ****   HAL_GPIO_Init(MEMS_INT2_GPIO_Port, &GPIO_InitStruct);
 451              		.loc 1 281 3 is_stmt 1 view .LVU180
 452 01e4 07A9     		add	r1, sp, #28
 453 01e6 0448     		ldr	r0, .L3+4
 454 01e8 FFF7FEFF 		bl	HAL_GPIO_Init
 455              	.LVL17:
 282:Src/main.c    **** 
 283:Src/main.c    **** }
 456              		.loc 1 283 1 is_stmt 0 view .LVU181
 457 01ec 0DB0     		add	sp, sp, #52
 458              	.LCFI2:
 459              		.cfi_def_cfa_offset 36
ARM GAS  C:\Users\79617\AppData\Local\Temp\ccTtM7jO.s 			page 14


 460              		@ sp needed
 461 01ee BDE8F08F 		pop	{r4, r5, r6, r7, r8, r9, r10, fp, pc}
 462              	.L4:
 463 01f2 00BF     		.align	2
 464              	.L3:
 465 01f4 00380240 		.word	1073887232
 466 01f8 00100240 		.word	1073876992
 467 01fc 00001110 		.word	269549568
 468 0200 00000240 		.word	1073872896
 469 0204 00001210 		.word	269615104
 470 0208 00080240 		.word	1073874944
 471 020c 000C0240 		.word	1073875968
 472 0210 00040240 		.word	1073873920
 473              		.cfi_endproc
 474              	.LFE132:
 476              		.section	.text.SystemClock_Config,"ax",%progbits
 477              		.align	1
 478              		.global	SystemClock_Config
 479              		.syntax unified
 480              		.thumb
 481              		.thumb_func
 482              		.fpu fpv4-sp-d16
 484              	SystemClock_Config:
 485              	.LFB131:
 109:Src/main.c    ****   RCC_OscInitTypeDef RCC_OscInitStruct = {0};
 486              		.loc 1 109 1 is_stmt 1 view -0
 487              		.cfi_startproc
 488              		@ args = 0, pretend = 0, frame = 80
 489              		@ frame_needed = 0, uses_anonymous_args = 0
 490 0000 30B5     		push	{r4, r5, lr}
 491              	.LCFI3:
 492              		.cfi_def_cfa_offset 12
 493              		.cfi_offset 4, -12
 494              		.cfi_offset 5, -8
 495              		.cfi_offset 14, -4
 496 0002 95B0     		sub	sp, sp, #84
 497              	.LCFI4:
 498              		.cfi_def_cfa_offset 96
 110:Src/main.c    ****   RCC_ClkInitTypeDef RCC_ClkInitStruct = {0};
 499              		.loc 1 110 3 view .LVU183
 110:Src/main.c    ****   RCC_ClkInitTypeDef RCC_ClkInitStruct = {0};
 500              		.loc 1 110 22 is_stmt 0 view .LVU184
 501 0004 3022     		movs	r2, #48
 502 0006 0021     		movs	r1, #0
 503 0008 08A8     		add	r0, sp, #32
 504 000a FFF7FEFF 		bl	memset
 505              	.LVL18:
 111:Src/main.c    **** 
 506              		.loc 1 111 3 is_stmt 1 view .LVU185
 111:Src/main.c    **** 
 507              		.loc 1 111 22 is_stmt 0 view .LVU186
 508 000e 0024     		movs	r4, #0
 509 0010 0394     		str	r4, [sp, #12]
 510 0012 0494     		str	r4, [sp, #16]
 511 0014 0594     		str	r4, [sp, #20]
 512 0016 0694     		str	r4, [sp, #24]
 513 0018 0794     		str	r4, [sp, #28]
ARM GAS  C:\Users\79617\AppData\Local\Temp\ccTtM7jO.s 			page 15


 115:Src/main.c    ****   __HAL_PWR_VOLTAGESCALING_CONFIG(PWR_REGULATOR_VOLTAGE_SCALE1);
 514              		.loc 1 115 3 is_stmt 1 view .LVU187
 515              	.LBB8:
 115:Src/main.c    ****   __HAL_PWR_VOLTAGESCALING_CONFIG(PWR_REGULATOR_VOLTAGE_SCALE1);
 516              		.loc 1 115 3 view .LVU188
 517 001a 0194     		str	r4, [sp, #4]
 115:Src/main.c    ****   __HAL_PWR_VOLTAGESCALING_CONFIG(PWR_REGULATOR_VOLTAGE_SCALE1);
 518              		.loc 1 115 3 view .LVU189
 519 001c 1B4B     		ldr	r3, .L7
 520 001e 1A6C     		ldr	r2, [r3, #64]
 521 0020 42F08052 		orr	r2, r2, #268435456
 522 0024 1A64     		str	r2, [r3, #64]
 115:Src/main.c    ****   __HAL_PWR_VOLTAGESCALING_CONFIG(PWR_REGULATOR_VOLTAGE_SCALE1);
 523              		.loc 1 115 3 view .LVU190
 524 0026 1B6C     		ldr	r3, [r3, #64]
 525 0028 03F08053 		and	r3, r3, #268435456
 526 002c 0193     		str	r3, [sp, #4]
 115:Src/main.c    ****   __HAL_PWR_VOLTAGESCALING_CONFIG(PWR_REGULATOR_VOLTAGE_SCALE1);
 527              		.loc 1 115 3 view .LVU191
 528 002e 019B     		ldr	r3, [sp, #4]
 529              	.LBE8:
 115:Src/main.c    ****   __HAL_PWR_VOLTAGESCALING_CONFIG(PWR_REGULATOR_VOLTAGE_SCALE1);
 530              		.loc 1 115 3 view .LVU192
 116:Src/main.c    ****   /** Initializes the CPU, AHB and APB busses clocks 
 531              		.loc 1 116 3 view .LVU193
 532              	.LBB9:
 116:Src/main.c    ****   /** Initializes the CPU, AHB and APB busses clocks 
 533              		.loc 1 116 3 view .LVU194
 534 0030 0294     		str	r4, [sp, #8]
 116:Src/main.c    ****   /** Initializes the CPU, AHB and APB busses clocks 
 535              		.loc 1 116 3 view .LVU195
 536 0032 174B     		ldr	r3, .L7+4
 537 0034 1A68     		ldr	r2, [r3]
 538 0036 42F48042 		orr	r2, r2, #16384
 539 003a 1A60     		str	r2, [r3]
 116:Src/main.c    ****   /** Initializes the CPU, AHB and APB busses clocks 
 540              		.loc 1 116 3 view .LVU196
 541 003c 1B68     		ldr	r3, [r3]
 542 003e 03F48043 		and	r3, r3, #16384
 543 0042 0293     		str	r3, [sp, #8]
 116:Src/main.c    ****   /** Initializes the CPU, AHB and APB busses clocks 
 544              		.loc 1 116 3 view .LVU197
 545 0044 029B     		ldr	r3, [sp, #8]
 546              	.LBE9:
 116:Src/main.c    ****   /** Initializes the CPU, AHB and APB busses clocks 
 547              		.loc 1 116 3 view .LVU198
 119:Src/main.c    ****   RCC_OscInitStruct.HSIState = RCC_HSI_ON;
 548              		.loc 1 119 3 view .LVU199
 119:Src/main.c    ****   RCC_OscInitStruct.HSIState = RCC_HSI_ON;
 549              		.loc 1 119 36 is_stmt 0 view .LVU200
 550 0046 0225     		movs	r5, #2
 551 0048 0895     		str	r5, [sp, #32]
 120:Src/main.c    ****   RCC_OscInitStruct.HSICalibrationValue = RCC_HSICALIBRATION_DEFAULT;
 552              		.loc 1 120 3 is_stmt 1 view .LVU201
 120:Src/main.c    ****   RCC_OscInitStruct.HSICalibrationValue = RCC_HSICALIBRATION_DEFAULT;
 553              		.loc 1 120 30 is_stmt 0 view .LVU202
 554 004a 0123     		movs	r3, #1
ARM GAS  C:\Users\79617\AppData\Local\Temp\ccTtM7jO.s 			page 16


 555 004c 0B93     		str	r3, [sp, #44]
 121:Src/main.c    ****   RCC_OscInitStruct.PLL.PLLState = RCC_PLL_ON;
 556              		.loc 1 121 3 is_stmt 1 view .LVU203
 121:Src/main.c    ****   RCC_OscInitStruct.PLL.PLLState = RCC_PLL_ON;
 557              		.loc 1 121 41 is_stmt 0 view .LVU204
 558 004e 1023     		movs	r3, #16
 559 0050 0C93     		str	r3, [sp, #48]
 122:Src/main.c    ****   RCC_OscInitStruct.PLL.PLLSource = RCC_PLLSOURCE_HSI;
 560              		.loc 1 122 3 is_stmt 1 view .LVU205
 122:Src/main.c    ****   RCC_OscInitStruct.PLL.PLLSource = RCC_PLLSOURCE_HSI;
 561              		.loc 1 122 34 is_stmt 0 view .LVU206
 562 0052 0E95     		str	r5, [sp, #56]
 123:Src/main.c    ****   RCC_OscInitStruct.PLL.PLLM = 8;
 563              		.loc 1 123 3 is_stmt 1 view .LVU207
 123:Src/main.c    ****   RCC_OscInitStruct.PLL.PLLM = 8;
 564              		.loc 1 123 35 is_stmt 0 view .LVU208
 565 0054 0F94     		str	r4, [sp, #60]
 124:Src/main.c    ****   RCC_OscInitStruct.PLL.PLLN = 50;
 566              		.loc 1 124 3 is_stmt 1 view .LVU209
 124:Src/main.c    ****   RCC_OscInitStruct.PLL.PLLN = 50;
 567              		.loc 1 124 30 is_stmt 0 view .LVU210
 568 0056 0823     		movs	r3, #8
 569 0058 1093     		str	r3, [sp, #64]
 125:Src/main.c    ****   RCC_OscInitStruct.PLL.PLLP = RCC_PLLP_DIV4;
 570              		.loc 1 125 3 is_stmt 1 view .LVU211
 125:Src/main.c    ****   RCC_OscInitStruct.PLL.PLLP = RCC_PLLP_DIV4;
 571              		.loc 1 125 30 is_stmt 0 view .LVU212
 572 005a 3223     		movs	r3, #50
 573 005c 1193     		str	r3, [sp, #68]
 126:Src/main.c    ****   RCC_OscInitStruct.PLL.PLLQ = 7;
 574              		.loc 1 126 3 is_stmt 1 view .LVU213
 126:Src/main.c    ****   RCC_OscInitStruct.PLL.PLLQ = 7;
 575              		.loc 1 126 30 is_stmt 0 view .LVU214
 576 005e 0423     		movs	r3, #4
 577 0060 1293     		str	r3, [sp, #72]
 127:Src/main.c    ****   if (HAL_RCC_OscConfig(&RCC_OscInitStruct) != HAL_OK)
 578              		.loc 1 127 3 is_stmt 1 view .LVU215
 127:Src/main.c    ****   if (HAL_RCC_OscConfig(&RCC_OscInitStruct) != HAL_OK)
 579              		.loc 1 127 30 is_stmt 0 view .LVU216
 580 0062 0723     		movs	r3, #7
 581 0064 1393     		str	r3, [sp, #76]
 128:Src/main.c    ****   {
 582              		.loc 1 128 3 is_stmt 1 view .LVU217
 128:Src/main.c    ****   {
 583              		.loc 1 128 7 is_stmt 0 view .LVU218
 584 0066 08A8     		add	r0, sp, #32
 585 0068 FFF7FEFF 		bl	HAL_RCC_OscConfig
 586              	.LVL19:
 134:Src/main.c    ****                               |RCC_CLOCKTYPE_PCLK1|RCC_CLOCKTYPE_PCLK2;
 587              		.loc 1 134 3 is_stmt 1 view .LVU219
 134:Src/main.c    ****                               |RCC_CLOCKTYPE_PCLK1|RCC_CLOCKTYPE_PCLK2;
 588              		.loc 1 134 31 is_stmt 0 view .LVU220
 589 006c 0F23     		movs	r3, #15
 590 006e 0393     		str	r3, [sp, #12]
 136:Src/main.c    ****   RCC_ClkInitStruct.AHBCLKDivider = RCC_SYSCLK_DIV1;
 591              		.loc 1 136 3 is_stmt 1 view .LVU221
 136:Src/main.c    ****   RCC_ClkInitStruct.AHBCLKDivider = RCC_SYSCLK_DIV1;
ARM GAS  C:\Users\79617\AppData\Local\Temp\ccTtM7jO.s 			page 17


 592              		.loc 1 136 34 is_stmt 0 view .LVU222
 593 0070 0495     		str	r5, [sp, #16]
 137:Src/main.c    ****   RCC_ClkInitStruct.APB1CLKDivider = RCC_HCLK_DIV4;
 594              		.loc 1 137 3 is_stmt 1 view .LVU223
 137:Src/main.c    ****   RCC_ClkInitStruct.APB1CLKDivider = RCC_HCLK_DIV4;
 595              		.loc 1 137 35 is_stmt 0 view .LVU224
 596 0072 0594     		str	r4, [sp, #20]
 138:Src/main.c    ****   RCC_ClkInitStruct.APB2CLKDivider = RCC_HCLK_DIV2;
 597              		.loc 1 138 3 is_stmt 1 view .LVU225
 138:Src/main.c    ****   RCC_ClkInitStruct.APB2CLKDivider = RCC_HCLK_DIV2;
 598              		.loc 1 138 36 is_stmt 0 view .LVU226
 599 0074 4FF4A053 		mov	r3, #5120
 600 0078 0693     		str	r3, [sp, #24]
 139:Src/main.c    **** 
 601              		.loc 1 139 3 is_stmt 1 view .LVU227
 139:Src/main.c    **** 
 602              		.loc 1 139 36 is_stmt 0 view .LVU228
 603 007a 4FF48053 		mov	r3, #4096
 604 007e 0793     		str	r3, [sp, #28]
 141:Src/main.c    ****   {
 605              		.loc 1 141 3 is_stmt 1 view .LVU229
 141:Src/main.c    ****   {
 606              		.loc 1 141 7 is_stmt 0 view .LVU230
 607 0080 2146     		mov	r1, r4
 608 0082 03A8     		add	r0, sp, #12
 609 0084 FFF7FEFF 		bl	HAL_RCC_ClockConfig
 610              	.LVL20:
 145:Src/main.c    **** 
 611              		.loc 1 145 1 view .LVU231
 612 0088 15B0     		add	sp, sp, #84
 613              	.LCFI5:
 614              		.cfi_def_cfa_offset 12
 615              		@ sp needed
 616 008a 30BD     		pop	{r4, r5, pc}
 617              	.L8:
 618              		.align	2
 619              	.L7:
 620 008c 00380240 		.word	1073887232
 621 0090 00700040 		.word	1073770496
 622              		.cfi_endproc
 623              	.LFE131:
 625              		.section	.text.main,"ax",%progbits
 626              		.align	1
 627              		.global	main
 628              		.syntax unified
 629              		.thumb
 630              		.thumb_func
 631              		.fpu fpv4-sp-d16
 633              	main:
 634              	.LFB130:
  66:Src/main.c    ****   /* USER CODE BEGIN 1 */
 635              		.loc 1 66 1 is_stmt 1 view -0
 636              		.cfi_startproc
 637              		@ Volatile: function does not return.
 638              		@ args = 0, pretend = 0, frame = 0
 639              		@ frame_needed = 0, uses_anonymous_args = 0
 640 0000 08B5     		push	{r3, lr}
ARM GAS  C:\Users\79617\AppData\Local\Temp\ccTtM7jO.s 			page 18


 641              	.LCFI6:
 642              		.cfi_def_cfa_offset 8
 643              		.cfi_offset 3, -8
 644              		.cfi_offset 14, -4
  74:Src/main.c    **** 
 645              		.loc 1 74 3 view .LVU233
 646 0002 FFF7FEFF 		bl	HAL_Init
 647              	.LVL21:
  81:Src/main.c    **** 
 648              		.loc 1 81 3 view .LVU234
 649 0006 FFF7FEFF 		bl	SystemClock_Config
 650              	.LVL22:
  88:Src/main.c    ****   /* USER CODE BEGIN 2 */
 651              		.loc 1 88 3 view .LVU235
 652 000a FFF7FEFF 		bl	MX_GPIO_Init
 653              	.LVL23:
 654              	.L10:
  95:Src/main.c    ****   {
 655              		.loc 1 95 3 discriminator 1 view .LVU236
 100:Src/main.c    ****   /* USER CODE END 3 */
 656              		.loc 1 100 3 discriminator 1 view .LVU237
  95:Src/main.c    ****   {
 657              		.loc 1 95 9 discriminator 1 view .LVU238
 658 000e FEE7     		b	.L10
 659              		.cfi_endproc
 660              	.LFE130:
 662              		.section	.text.Error_Handler,"ax",%progbits
 663              		.align	1
 664              		.global	Error_Handler
 665              		.syntax unified
 666              		.thumb
 667              		.thumb_func
 668              		.fpu fpv4-sp-d16
 670              	Error_Handler:
 671              	.LFB133:
 284:Src/main.c    **** 
 285:Src/main.c    **** /* USER CODE BEGIN 4 */
 286:Src/main.c    **** 
 287:Src/main.c    **** /* USER CODE END 4 */
 288:Src/main.c    **** 
 289:Src/main.c    **** /**
 290:Src/main.c    ****   * @brief  This function is executed in case of error occurrence.
 291:Src/main.c    ****   * @retval None
 292:Src/main.c    ****   */
 293:Src/main.c    **** void Error_Handler(void)
 294:Src/main.c    **** {
 672              		.loc 1 294 1 view -0
 673              		.cfi_startproc
 674              		@ args = 0, pretend = 0, frame = 0
 675              		@ frame_needed = 0, uses_anonymous_args = 0
 676              		@ link register save eliminated.
 295:Src/main.c    ****   /* USER CODE BEGIN Error_Handler_Debug */
 296:Src/main.c    ****   /* User can add his own implementation to report the HAL error return state */
 297:Src/main.c    **** 
 298:Src/main.c    ****   /* USER CODE END Error_Handler_Debug */
 299:Src/main.c    **** }
 677              		.loc 1 299 1 view .LVU240
ARM GAS  C:\Users\79617\AppData\Local\Temp\ccTtM7jO.s 			page 19


 678 0000 7047     		bx	lr
 679              		.cfi_endproc
 680              	.LFE133:
 682              		.text
 683              	.Letext0:
 684              		.file 2 "c:\\program files (x86)\\gnu arm embedded toolchain\\9 2020-q2-update\\arm-none-eabi\\inc
 685              		.file 3 "c:\\program files (x86)\\gnu arm embedded toolchain\\9 2020-q2-update\\arm-none-eabi\\inc
 686              		.file 4 "Drivers/CMSIS/Include/core_cm4.h"
 687              		.file 5 "Drivers/CMSIS/Device/ST/STM32F4xx/Include/system_stm32f4xx.h"
 688              		.file 6 "Drivers/CMSIS/Device/ST/STM32F4xx/Include/stm32f407xx.h"
 689              		.file 7 "Drivers/STM32F4xx_HAL_Driver/Inc/stm32f4xx_hal_rcc_ex.h"
 690              		.file 8 "Drivers/STM32F4xx_HAL_Driver/Inc/stm32f4xx_hal_rcc.h"
 691              		.file 9 "Drivers/STM32F4xx_HAL_Driver/Inc/stm32f4xx_hal_gpio.h"
 692              		.file 10 "Drivers/STM32F4xx_HAL_Driver/Inc/stm32f4xx_hal_def.h"
 693              		.file 11 "Drivers/STM32F4xx_HAL_Driver/Inc/stm32f4xx_hal.h"
 694              		.file 12 "<built-in>"
ARM GAS  C:\Users\79617\AppData\Local\Temp\ccTtM7jO.s 			page 20


DEFINED SYMBOLS
                            *ABS*:00000000 main.c
C:\Users\79617\AppData\Local\Temp\ccTtM7jO.s:18     .text.MX_GPIO_Init:00000000 $t
C:\Users\79617\AppData\Local\Temp\ccTtM7jO.s:25     .text.MX_GPIO_Init:00000000 MX_GPIO_Init
C:\Users\79617\AppData\Local\Temp\ccTtM7jO.s:465    .text.MX_GPIO_Init:000001f4 $d
C:\Users\79617\AppData\Local\Temp\ccTtM7jO.s:477    .text.SystemClock_Config:00000000 $t
C:\Users\79617\AppData\Local\Temp\ccTtM7jO.s:484    .text.SystemClock_Config:00000000 SystemClock_Config
C:\Users\79617\AppData\Local\Temp\ccTtM7jO.s:620    .text.SystemClock_Config:0000008c $d
C:\Users\79617\AppData\Local\Temp\ccTtM7jO.s:626    .text.main:00000000 $t
C:\Users\79617\AppData\Local\Temp\ccTtM7jO.s:633    .text.main:00000000 main
C:\Users\79617\AppData\Local\Temp\ccTtM7jO.s:663    .text.Error_Handler:00000000 $t
C:\Users\79617\AppData\Local\Temp\ccTtM7jO.s:670    .text.Error_Handler:00000000 Error_Handler

UNDEFINED SYMBOLS
HAL_GPIO_WritePin
HAL_GPIO_Init
memset
HAL_RCC_OscConfig
HAL_RCC_ClockConfig
HAL_Init
